<beans xmlns="http://www.springframework.org/schema/beans"
	xmlns:xsi="http://www.w3.org/2001/XMLSchema-instance"
	xsi:schemaLocation="
	http://www.springframework.org/schema/beans 
	http://www.springframework.org/schema/beans/spring-beans-4.2.xsd">
 
    <!-- Spring should auto load this bean -->
    <bean class="org.springframework.batch.test.JobLauncherTestUtils"/>
 
</beans>