<?xml version="1.0" encoding="UTF-8"?>
<testsuite xmlns:xsi="http://www.w3.org/2001/XMLSchema-instance" xsi:noNamespaceSchemaLocation="https://maven.apache.org/surefire/maven-surefire-plugin/xsd/surefire-test-report.xsd" name="org.geotools.AppTest" time="0.022" tests="1" errors="0" skipped="0" failures="0">
  <properties>
    <property name="sun.desktop" value="gnome"/>
    <property name="awt.toolkit" value="sun.awt.X11.XToolkit"/>
    <property name="java.specification.version" value="11"/>
    <property name="sun.cpu.isalist" value=""/>
    <property name="sun.jnu.encoding" value="UTF-8"/>
    <property name="java.class.path" value="/home/02963357460/Desenvolvimento_SINTER/TRAB-SINTER/pocs/geotools_exemplo4/tutorial4/target/test-classes:/home/02963357460/Desenvolvimento_SINTER/TRAB-SINTER/pocs/geotools_exemplo4/tutorial4/target/classes:/home/02963357460/.m2/repository/junit/junit/4.11/junit-4.11.jar:/home/02963357460/.m2/repository/org/hamcrest/hamcrest-core/1.3/hamcrest-core-1.3.jar:/home/02963357460/.m2/repository/org/geotools/gt-shapefile/22-SNAPSHOT/gt-shapefile-22-SNAPSHOT.jar:/home/02963357460/.m2/repository/org/jdom/jdom2/2.0.6/jdom2-2.0.6.jar:/home/02963357460/.m2/repository/javax/media/jai_core/1.1.3/jai_core-1.1.3.jar:/home/02963357460/.m2/repository/org/geotools/gt-swing/22-SNAPSHOT/gt-swing-22-SNAPSHOT.jar:/home/02963357460/.m2/repository/org/geotools/gt-referencing/22-SNAPSHOT/gt-referencing-22-SNAPSHOT.jar:/home/02963357460/.m2/repository/org/ejml/ejml-ddense/0.34/ejml-ddense-0.34.jar:/home/02963357460/.m2/repository/org/ejml/ejml-core/0.34/ejml-core-0.34.jar:/home/02963357460/.m2/repository/commons-pool/commons-pool/1.5.4/commons-pool-1.5.4.jar:/home/02963357460/.m2/repository/org/geotools/gt-metadata/22-SNAPSHOT/gt-metadata-22-SNAPSHOT.jar:/home/02963357460/.m2/repository/org/geotools/gt-opengis/22-SNAPSHOT/gt-opengis-22-SNAPSHOT.jar:/home/02963357460/.m2/repository/systems/uom/systems-common-java8/0.7.2/systems-common-java8-0.7.2.jar:/home/02963357460/.m2/repository/tec/uom/uom-se/1.0.8/uom-se-1.0.8.jar:/home/02963357460/.m2/repository/javax/measure/unit-api/1.0/unit-api-1.0.jar:/home/02963357460/.m2/repository/tec/uom/lib/uom-lib-common/1.0.2/uom-lib-common-1.0.2.jar:/home/02963357460/.m2/repository/si/uom/si-quantity/0.7.1/si-quantity-0.7.1.jar:/home/02963357460/.m2/repository/si/uom/si-units-java8/0.7.1/si-units-java8-0.7.1.jar:/home/02963357460/.m2/repository/jgridshift/jgridshift/1.0/jgridshift-1.0.jar:/home/02963357460/.m2/repository/net/sf/geographiclib/GeographicLib-Java/1.49/GeographicLib-Java-1.49.jar:/home/02963357460/.m2/repository/com/miglayout/miglayout/3.7/miglayout-3.7-swing.jar:/home/02963357460/.m2/repository/org/geotools/gt-render/22-SNAPSHOT/gt-render-22-SNAPSHOT.jar:/home/02963357460/.m2/repository/org/geotools/gt-coverage/22-SNAPSHOT/gt-coverage-22-SNAPSHOT.jar:/home/02963357460/.m2/repository/javax/media/jai_imageio/1.1/jai_imageio-1.1.jar:/home/02963357460/.m2/repository/it/geosolutions/imageio-ext/imageio-ext-tiff/1.3.2/imageio-ext-tiff-1.3.2.jar:/home/02963357460/.m2/repository/it/geosolutions/imageio-ext/imageio-ext-utilities/1.3.2/imageio-ext-utilities-1.3.2.jar:/home/02963357460/.m2/repository/it/geosolutions/imageio-ext/imageio-ext-geocore/1.3.2/imageio-ext-geocore-1.3.2.jar:/home/02963357460/.m2/repository/javax/xml/bind/jaxb-api/2.4.0-b180830.0359/jaxb-api-2.4.0-b180830.0359.jar:/home/02963357460/.m2/repository/it/geosolutions/imageio-ext/imageio-ext-streams/1.3.2/imageio-ext-streams-1.3.2.jar:/home/02963357460/.m2/repository/org/glassfish/jaxb/jaxb-runtime/2.4.0-b180830.0438/jaxb-runtime-2.4.0-b180830.0438.jar:/home/02963357460/.m2/repository/org/glassfish/jaxb/txw2/2.4.0-b180830.0438/txw2-2.4.0-b180830.0438.jar:/home/02963357460/.m2/repository/com/sun/istack/istack-commons-runtime/3.0.7/istack-commons-runtime-3.0.7.jar:/home/02963357460/.m2/repository/org/jvnet/staxex/stax-ex/1.8/stax-ex-1.8.jar:/home/02963357460/.m2/repository/com/sun/xml/fastinfoset/FastInfoset/1.2.15/FastInfoset-1.2.15.jar:/home/02963357460/.m2/repository/javax/activation/javax.activation-api/1.2.0/javax.activation-api-1.2.0.jar:/home/02963357460/.m2/repository/javax/media/jai_codec/1.1.3/jai_codec-1.1.3.jar:/home/02963357460/.m2/repository/org/jaitools/jt-zonalstats/1.5.0/jt-zonalstats-1.5.0.jar:/home/02963357460/.m2/repository/org/jaitools/jt-utils/1.5.0/jt-utils-1.5.0.jar:/home/02963357460/.m2/repository/it/geosolutions/jaiext/affine/jt-affine/1.1.11/jt-affine-1.1.11.jar:/home/02963357460/.m2/repository/it/geosolutions/jaiext/algebra/jt-algebra/1.1.11/jt-algebra-1.1.11.jar:/home/02963357460/.m2/repository/it/geosolutions/jaiext/bandmerge/jt-bandmerge/1.1.11/jt-bandmerge-1.1.11.jar:/home/02963357460/.m2/repository/it/geosolutions/jaiext/bandselect/jt-bandselect/1.1.11/jt-bandselect-1.1.11.jar:/home/02963357460/.m2/repository/it/geosolutions/jaiext/bandcombine/jt-bandcombine/1.1.11/jt-bandcombine-1.1.11.jar:/home/02963357460/.m2/repository/it/geosolutions/jaiext/border/jt-border/1.1.11/jt-border-1.1.11.jar:/home/02963357460/.m2/repository/it/geosolutions/jaiext/buffer/jt-buffer/1.1.11/jt-buffer-1.1.11.jar:/home/02963357460/.m2/repository/it/geosolutions/jaiext/crop/jt-crop/1.1.11/jt-crop-1.1.11.jar:/home/02963357460/.m2/repository/it/geosolutions/jaiext/iterators/jt-iterators/1.1.11/jt-iterators-1.1.11.jar:/home/02963357460/.m2/repository/it/geosolutions/jaiext/lookup/jt-lookup/1.1.11/jt-lookup-1.1.11.jar:/home/02963357460/.m2/repository/it/geosolutions/jaiext/mosaic/jt-mosaic/1.1.11/jt-mosaic-1.1.11.jar:/home/02963357460/.m2/repository/it/geosolutions/jaiext/nullop/jt-nullop/1.1.11/jt-nullop-1.1.11.jar:/home/02963357460/.m2/repository/it/geosolutions/jaiext/rescale/jt-rescale/1.1.11/jt-rescale-1.1.11.jar:/home/02963357460/.m2/repository/it/geosolutions/jaiext/scale/jt-scale/1.1.11/jt-scale-1.1.11.jar:/home/02963357460/.m2/repository/it/geosolutions/jaiext/scale2/jt-scale2/1.1.11/jt-scale2-1.1.11.jar:/home/02963357460/.m2/repository/org/huldra/math/bigint/0.7.1/bigint-0.7.1.jar:/home/02963357460/.m2/repository/it/geosolutions/jaiext/stats/jt-stats/1.1.11/jt-stats-1.1.11.jar:/home/02963357460/.m2/repository/it/geosolutions/jaiext/translate/jt-translate/1.1.11/jt-translate-1.1.11.jar:/home/02963357460/.m2/repository/it/geosolutions/jaiext/utilities/jt-utilities/1.1.11/jt-utilities-1.1.11.jar:/home/02963357460/.m2/repository/it/geosolutions/jaiext/warp/jt-warp/1.1.11/jt-warp-1.1.11.jar:/home/02963357460/.m2/repository/it/geosolutions/jaiext/zonal/jt-zonal/1.1.11/jt-zonal-1.1.11.jar:/home/02963357460/.m2/repository/it/geosolutions/jaiext/binarize/jt-binarize/1.1.11/jt-binarize-1.1.11.jar:/home/02963357460/.m2/repository/it/geosolutions/jaiext/format/jt-format/1.1.11/jt-format-1.1.11.jar:/home/02963357460/.m2/repository/it/geosolutions/jaiext/colorconvert/jt-colorconvert/1.1.11/jt-colorconvert-1.1.11.jar:/home/02963357460/.m2/repository/it/geosolutions/jaiext/errordiffusion/jt-errordiffusion/1.1.11/jt-errordiffusion-1.1.11.jar:/home/02963357460/.m2/repository/it/geosolutions/jaiext/orderdither/jt-orderdither/1.1.11/jt-orderdither-1.1.11.jar:/home/02963357460/.m2/repository/it/geosolutions/jaiext/colorindexer/jt-colorindexer/1.1.11/jt-colorindexer-1.1.11.jar:/home/02963357460/.m2/repository/it/geosolutions/jaiext/imagefunction/jt-imagefunction/1.1.11/jt-imagefunction-1.1.11.jar:/home/02963357460/.m2/repository/it/geosolutions/jaiext/piecewise/jt-piecewise/1.1.11/jt-piecewise-1.1.11.jar:/home/02963357460/.m2/repository/it/geosolutions/jaiext/classifier/jt-classifier/1.1.11/jt-classifier-1.1.11.jar:/home/02963357460/.m2/repository/it/geosolutions/jaiext/rlookup/jt-rlookup/1.1.11/jt-rlookup-1.1.11.jar:/home/02963357460/.m2/repository/it/geosolutions/jaiext/vectorbin/jt-vectorbin/1.1.11/jt-vectorbin-1.1.11.jar:/home/02963357460/.m2/repository/it/geosolutions/jaiext/shadedrelief/jt-shadedrelief/1.1.11/jt-shadedrelief-1.1.11.jar:/home/02963357460/.m2/repository/commons-io/commons-io/2.6/commons-io-2.6.jar:/home/02963357460/.m2/repository/org/geotools/gt-cql/22-SNAPSHOT/gt-cql-22-SNAPSHOT.jar:/home/02963357460/.m2/repository/org/geotools/gt-xml/22-SNAPSHOT/gt-xml-22-SNAPSHOT.jar:/home/02963357460/.m2/repository/org/apache/xml/xml-commons-resolver/1.2/xml-commons-resolver-1.2.jar:/home/02963357460/.m2/repository/com/conversantmedia/disruptor/1.2.13/disruptor-1.2.13.jar:/home/02963357460/.m2/repository/org/slf4j/slf4j-api/1.7.13/slf4j-api-1.7.13.jar:/home/02963357460/.m2/repository/org/geotools/gt-main/22-SNAPSHOT/gt-main-22-SNAPSHOT.jar:/home/02963357460/.m2/repository/org/locationtech/jts/jts-core/1.16.1/jts-core-1.16.1.jar:/home/02963357460/.m2/repository/org/apache/commons/commons-text/1.6/commons-text-1.6.jar:/home/02963357460/.m2/repository/com/fasterxml/jackson/core/jackson-core/2.9.9/jackson-core-2.9.9.jar:/home/02963357460/.m2/repository/commons-collections/commons-collections/3.2.2/commons-collections-3.2.2.jar:/home/02963357460/.m2/repository/com/google/guava/guava/28.0-jre/guava-28.0-jre.jar:/home/02963357460/.m2/repository/com/google/guava/failureaccess/1.0.1/failureaccess-1.0.1.jar:/home/02963357460/.m2/repository/com/google/guava/listenablefuture/9999.0-empty-to-avoid-conflict-with-guava/listenablefuture-9999.0-empty-to-avoid-conflict-with-guava.jar:/home/02963357460/.m2/repository/com/google/code/findbugs/jsr305/3.0.2/jsr305-3.0.2.jar:/home/02963357460/.m2/repository/org/checkerframework/checker-qual/2.8.1/checker-qual-2.8.1.jar:/home/02963357460/.m2/repository/com/google/errorprone/error_prone_annotations/2.3.2/error_prone_annotations-2.3.2.jar:/home/02963357460/.m2/repository/com/google/j2objc/j2objc-annotations/1.3/j2objc-annotations-1.3.jar:/home/02963357460/.m2/repository/org/codehaus/mojo/animal-sniffer-annotations/1.17/animal-sniffer-annotations-1.17.jar:/home/02963357460/.m2/repository/org/geotools/gt-geojson/21.2/gt-geojson-21.2.jar:/home/02963357460/.m2/repository/com/googlecode/json-simple/json-simple/1.1/json-simple-1.1.jar:/home/02963357460/.m2/repository/org/apache/commons/commons-lang3/3.8.1/commons-lang3-3.8.1.jar:/home/02963357460/.m2/repository/org/locationtech/proj4j/proj4j/1.0.0/proj4j-1.0.0.jar:/home/02963357460/.m2/repository/com/fasterxml/jackson/core/jackson-databind/2.9.9/jackson-databind-2.9.9.jar:/home/02963357460/.m2/repository/com/fasterxml/jackson/core/jackson-annotations/2.9.0/jackson-annotations-2.9.0.jar:"/>
    <property name="java.vm.vendor" value="Oracle Corporation"/>
    <property name="sun.arch.data.model" value="64"/>
    <property name="java.vendor.url" value="http://java.oracle.com/"/>
    <property name="user.timezone" value=""/>
    <property name="java.vm.specification.version" value="11"/>
    <property name="os.name" value="Linux"/>
    <property name="sun.java.launcher" value="SUN_STANDARD"/>
    <property name="user.country" value="BR"/>
    <property name="sun.boot.library.path" value="/home/02963357460/.sdkman/candidates/java/11.0.2-open/lib"/>
    <property name="sun.java.command" value="/home/02963357460/Desenvolvimento_SINTER/TRAB-SINTER/pocs/geotools_exemplo4/tutorial4/target/surefire/surefirebooter17138864075696626158.jar /home/02963357460/Desenvolvimento_SINTER/TRAB-SINTER/pocs/geotools_exemplo4/tutorial4/target/surefire 2019-07-05T17-42-59_777-jvmRun1 surefire13717715408541609047tmp surefire_06007873862491151048tmp"/>
    <property name="jdk.debug" value="release"/>
    <property name="surefire.test.class.path" value="/home/02963357460/Desenvolvimento_SINTER/TRAB-SINTER/pocs/geotools_exemplo4/tutorial4/target/test-classes:/home/02963357460/Desenvolvimento_SINTER/TRAB-SINTER/pocs/geotools_exemplo4/tutorial4/target/classes:/home/02963357460/.m2/repository/junit/junit/4.11/junit-4.11.jar:/home/02963357460/.m2/repository/org/hamcrest/hamcrest-core/1.3/hamcrest-core-1.3.jar:/home/02963357460/.m2/repository/org/geotools/gt-shapefile/22-SNAPSHOT/gt-shapefile-22-SNAPSHOT.jar:/home/02963357460/.m2/repository/org/jdom/jdom2/2.0.6/jdom2-2.0.6.jar:/home/02963357460/.m2/repository/javax/media/jai_core/1.1.3/jai_core-1.1.3.jar:/home/02963357460/.m2/repository/org/geotools/gt-swing/22-SNAPSHOT/gt-swing-22-SNAPSHOT.jar:/home/02963357460/.m2/repository/org/geotools/gt-referencing/22-SNAPSHOT/gt-referencing-22-SNAPSHOT.jar:/home/02963357460/.m2/repository/org/ejml/ejml-ddense/0.34/ejml-ddense-0.34.jar:/home/02963357460/.m2/repository/org/ejml/ejml-core/0.34/ejml-core-0.34.jar:/home/02963357460/.m2/repository/commons-pool/commons-pool/1.5.4/commons-pool-1.5.4.jar:/home/02963357460/.m2/repository/org/geotools/gt-metadata/22-SNAPSHOT/gt-metadata-22-SNAPSHOT.jar:/home/02963357460/.m2/repository/org/geotools/gt-opengis/22-SNAPSHOT/gt-opengis-22-SNAPSHOT.jar:/home/02963357460/.m2/repository/systems/uom/systems-common-java8/0.7.2/systems-common-java8-0.7.2.jar:/home/02963357460/.m2/repository/tec/uom/uom-se/1.0.8/uom-se-1.0.8.jar:/home/02963357460/.m2/repository/javax/measure/unit-api/1.0/unit-api-1.0.jar:/home/02963357460/.m2/repository/tec/uom/lib/uom-lib-common/1.0.2/uom-lib-common-1.0.2.jar:/home/02963357460/.m2/repository/si/uom/si-quantity/0.7.1/si-quantity-0.7.1.jar:/home/02963357460/.m2/repository/si/uom/si-units-java8/0.7.1/si-units-java8-0.7.1.jar:/home/02963357460/.m2/repository/jgridshift/jgridshift/1.0/jgridshift-1.0.jar:/home/02963357460/.m2/repository/net/sf/geographiclib/GeographicLib-Java/1.49/GeographicLib-Java-1.49.jar:/home/02963357460/.m2/repository/com/miglayout/miglayout/3.7/miglayout-3.7-swing.jar:/home/02963357460/.m2/repository/org/geotools/gt-render/22-SNAPSHOT/gt-render-22-SNAPSHOT.jar:/home/02963357460/.m2/repository/org/geotools/gt-coverage/22-SNAPSHOT/gt-coverage-22-SNAPSHOT.jar:/home/02963357460/.m2/repository/javax/media/jai_imageio/1.1/jai_imageio-1.1.jar:/home/02963357460/.m2/repository/it/geosolutions/imageio-ext/imageio-ext-tiff/1.3.2/imageio-ext-tiff-1.3.2.jar:/home/02963357460/.m2/repository/it/geosolutions/imageio-ext/imageio-ext-utilities/1.3.2/imageio-ext-utilities-1.3.2.jar:/home/02963357460/.m2/repository/it/geosolutions/imageio-ext/imageio-ext-geocore/1.3.2/imageio-ext-geocore-1.3.2.jar:/home/02963357460/.m2/repository/javax/xml/bind/jaxb-api/2.4.0-b180830.0359/jaxb-api-2.4.0-b180830.0359.jar:/home/02963357460/.m2/repository/it/geosolutions/imageio-ext/imageio-ext-streams/1.3.2/imageio-ext-streams-1.3.2.jar:/home/02963357460/.m2/repository/org/glassfish/jaxb/jaxb-runtime/2.4.0-b180830.0438/jaxb-runtime-2.4.0-b180830.0438.jar:/home/02963357460/.m2/repository/org/glassfish/jaxb/txw2/2.4.0-b180830.0438/txw2-2.4.0-b180830.0438.jar:/home/02963357460/.m2/repository/com/sun/istack/istack-commons-runtime/3.0.7/istack-commons-runtime-3.0.7.jar:/home/02963357460/.m2/repository/org/jvnet/staxex/stax-ex/1.8/stax-ex-1.8.jar:/home/02963357460/.m2/repository/com/sun/xml/fastinfoset/FastInfoset/1.2.15/FastInfoset-1.2.15.jar:/home/02963357460/.m2/repository/javax/activation/javax.activation-api/1.2.0/javax.activation-api-1.2.0.jar:/home/02963357460/.m2/repository/javax/media/jai_codec/1.1.3/jai_codec-1.1.3.jar:/home/02963357460/.m2/repository/org/jaitools/jt-zonalstats/1.5.0/jt-zonalstats-1.5.0.jar:/home/02963357460/.m2/repository/org/jaitools/jt-utils/1.5.0/jt-utils-1.5.0.jar:/home/02963357460/.m2/repository/it/geosolutions/jaiext/affine/jt-affine/1.1.11/jt-affine-1.1.11.jar:/home/02963357460/.m2/repository/it/geosolutions/jaiext/algebra/jt-algebra/1.1.11/jt-algebra-1.1.11.jar:/home/02963357460/.m2/repository/it/geosolutions/jaiext/bandmerge/jt-bandmerge/1.1.11/jt-bandmerge-1.1.11.jar:/home/02963357460/.m2/repository/it/geosolutions/jaiext/bandselect/jt-bandselect/1.1.11/jt-bandselect-1.1.11.jar:/home/02963357460/.m2/repository/it/geosolutions/jaiext/bandcombine/jt-bandcombine/1.1.11/jt-bandcombine-1.1.11.jar:/home/02963357460/.m2/repository/it/geosolutions/jaiext/border/jt-border/1.1.11/jt-border-1.1.11.jar:/home/02963357460/.m2/repository/it/geosolutions/jaiext/buffer/jt-buffer/1.1.11/jt-buffer-1.1.11.jar:/home/02963357460/.m2/repository/it/geosolutions/jaiext/crop/jt-crop/1.1.11/jt-crop-1.1.11.jar:/home/02963357460/.m2/repository/it/geosolutions/jaiext/iterators/jt-iterators/1.1.11/jt-iterators-1.1.11.jar:/home/02963357460/.m2/repository/it/geosolutions/jaiext/lookup/jt-lookup/1.1.11/jt-lookup-1.1.11.jar:/home/02963357460/.m2/repository/it/geosolutions/jaiext/mosaic/jt-mosaic/1.1.11/jt-mosaic-1.1.11.jar:/home/02963357460/.m2/repository/it/geosolutions/jaiext/nullop/jt-nullop/1.1.11/jt-nullop-1.1.11.jar:/home/02963357460/.m2/repository/it/geosolutions/jaiext/rescale/jt-rescale/1.1.11/jt-rescale-1.1.11.jar:/home/02963357460/.m2/repository/it/geosolutions/jaiext/scale/jt-scale/1.1.11/jt-scale-1.1.11.jar:/home/02963357460/.m2/repository/it/geosolutions/jaiext/scale2/jt-scale2/1.1.11/jt-scale2-1.1.11.jar:/home/02963357460/.m2/repository/org/huldra/math/bigint/0.7.1/bigint-0.7.1.jar:/home/02963357460/.m2/repository/it/geosolutions/jaiext/stats/jt-stats/1.1.11/jt-stats-1.1.11.jar:/home/02963357460/.m2/repository/it/geosolutions/jaiext/translate/jt-translate/1.1.11/jt-translate-1.1.11.jar:/home/02963357460/.m2/repository/it/geosolutions/jaiext/utilities/jt-utilities/1.1.11/jt-utilities-1.1.11.jar:/home/02963357460/.m2/repository/it/geosolutions/jaiext/warp/jt-warp/1.1.11/jt-warp-1.1.11.jar:/home/02963357460/.m2/repository/it/geosolutions/jaiext/zonal/jt-zonal/1.1.11/jt-zonal-1.1.11.jar:/home/02963357460/.m2/repository/it/geosolutions/jaiext/binarize/jt-binarize/1.1.11/jt-binarize-1.1.11.jar:/home/02963357460/.m2/repository/it/geosolutions/jaiext/format/jt-format/1.1.11/jt-format-1.1.11.jar:/home/02963357460/.m2/repository/it/geosolutions/jaiext/colorconvert/jt-colorconvert/1.1.11/jt-colorconvert-1.1.11.jar:/home/02963357460/.m2/repository/it/geosolutions/jaiext/errordiffusion/jt-errordiffusion/1.1.11/jt-errordiffusion-1.1.11.jar:/home/02963357460/.m2/repository/it/geosolutions/jaiext/orderdither/jt-orderdither/1.1.11/jt-orderdither-1.1.11.jar:/home/02963357460/.m2/repository/it/geosolutions/jaiext/colorindexer/jt-colorindexer/1.1.11/jt-colorindexer-1.1.11.jar:/home/02963357460/.m2/repository/it/geosolutions/jaiext/imagefunction/jt-imagefunction/1.1.11/jt-imagefunction-1.1.11.jar:/home/02963357460/.m2/repository/it/geosolutions/jaiext/piecewise/jt-piecewise/1.1.11/jt-piecewise-1.1.11.jar:/home/02963357460/.m2/repository/it/geosolutions/jaiext/classifier/jt-classifier/1.1.11/jt-classifier-1.1.11.jar:/home/02963357460/.m2/repository/it/geosolutions/jaiext/rlookup/jt-rlookup/1.1.11/jt-rlookup-1.1.11.jar:/home/02963357460/.m2/repository/it/geosolutions/jaiext/vectorbin/jt-vectorbin/1.1.11/jt-vectorbin-1.1.11.jar:/home/02963357460/.m2/repository/it/geosolutions/jaiext/shadedrelief/jt-shadedrelief/1.1.11/jt-shadedrelief-1.1.11.jar:/home/02963357460/.m2/repository/commons-io/commons-io/2.6/commons-io-2.6.jar:/home/02963357460/.m2/repository/org/geotools/gt-cql/22-SNAPSHOT/gt-cql-22-SNAPSHOT.jar:/home/02963357460/.m2/repository/org/geotools/gt-xml/22-SNAPSHOT/gt-xml-22-SNAPSHOT.jar:/home/02963357460/.m2/repository/org/apache/xml/xml-commons-resolver/1.2/xml-commons-resolver-1.2.jar:/home/02963357460/.m2/repository/com/conversantmedia/disruptor/1.2.13/disruptor-1.2.13.jar:/home/02963357460/.m2/repository/org/slf4j/slf4j-api/1.7.13/slf4j-api-1.7.13.jar:/home/02963357460/.m2/repository/org/geotools/gt-main/22-SNAPSHOT/gt-main-22-SNAPSHOT.jar:/home/02963357460/.m2/repository/org/locationtech/jts/jts-core/1.16.1/jts-core-1.16.1.jar:/home/02963357460/.m2/repository/org/apache/commons/commons-text/1.6/commons-text-1.6.jar:/home/02963357460/.m2/repository/com/fasterxml/jackson/core/jackson-core/2.9.9/jackson-core-2.9.9.jar:/home/02963357460/.m2/repository/commons-collections/commons-collections/3.2.2/commons-collections-3.2.2.jar:/home/02963357460/.m2/repository/com/google/guava/guava/28.0-jre/guava-28.0-jre.jar:/home/02963357460/.m2/repository/com/google/guava/failureaccess/1.0.1/failureaccess-1.0.1.jar:/home/02963357460/.m2/repository/com/google/guava/listenablefuture/9999.0-empty-to-avoid-conflict-with-guava/listenablefuture-9999.0-empty-to-avoid-conflict-with-guava.jar:/home/02963357460/.m2/repository/com/google/code/findbugs/jsr305/3.0.2/jsr305-3.0.2.jar:/home/02963357460/.m2/repository/org/checkerframework/checker-qual/2.8.1/checker-qual-2.8.1.jar:/home/02963357460/.m2/repository/com/google/errorprone/error_prone_annotations/2.3.2/error_prone_annotations-2.3.2.jar:/home/02963357460/.m2/repository/com/google/j2objc/j2objc-annotations/1.3/j2objc-annotations-1.3.jar:/home/02963357460/.m2/repository/org/codehaus/mojo/animal-sniffer-annotations/1.17/animal-sniffer-annotations-1.17.jar:/home/02963357460/.m2/repository/org/geotools/gt-geojson/21.2/gt-geojson-21.2.jar:/home/02963357460/.m2/repository/com/googlecode/json-simple/json-simple/1.1/json-simple-1.1.jar:/home/02963357460/.m2/repository/org/apache/commons/commons-lang3/3.8.1/commons-lang3-3.8.1.jar:/home/02963357460/.m2/repository/org/locationtech/proj4j/proj4j/1.0.0/proj4j-1.0.0.jar:/home/02963357460/.m2/repository/com/fasterxml/jackson/core/jackson-databind/2.9.9/jackson-databind-2.9.9.jar:/home/02963357460/.m2/repository/com/fasterxml/jackson/core/jackson-annotations/2.9.0/jackson-annotations-2.9.0.jar:"/>
    <property name="sun.cpu.endian" value="little"/>
    <property name="user.home" value="/home/02963357460"/>
    <property name="user.language" value="pt"/>
    <property name="java.specification.vendor" value="Oracle Corporation"/>
    <property name="java.version.date" value="2019-01-15"/>
    <property name="java.home" value="/home/02963357460/.sdkman/candidates/java/11.0.2-open"/>
    <property name="file.separator" value="/"/>
    <property name="basedir" value="/home/02963357460/Desenvolvimento_SINTER/TRAB-SINTER/pocs/geotools_exemplo4/tutorial4"/>
    <property name="java.vm.compressedOopsMode" value="Zero based"/>
    <property name="line.separator" value="&#10;"/>
    <property name="java.specification.name" value="Java Platform API Specification"/>
    <property name="java.vm.specification.vendor" value="Oracle Corporation"/>
    <property name="java.awt.graphicsenv" value="sun.awt.X11GraphicsEnvironment"/>
    <property name="surefire.real.class.path" value="/home/02963357460/Desenvolvimento_SINTER/TRAB-SINTER/pocs/geotools_exemplo4/tutorial4/target/surefire/surefirebooter17138864075696626158.jar"/>
    <property name="sun.management.compiler" value="HotSpot 64-Bit Tiered Compilers"/>
    <property name="java.runtime.version" value="11.0.2+9"/>
    <property name="user.name" value="02963357460"/>
    <property name="path.separator" value=":"/>
    <property name="os.version" value="4.15.0-50-generic"/>
    <property name="java.runtime.name" value="OpenJDK Runtime Environment"/>
    <property name="file.encoding" value="UTF-8"/>
    <property name="java.vm.name" value="OpenJDK 64-Bit Server VM"/>
    <property name="java.vendor.version" value="18.9"/>
    <property name="localRepository" value="/home/02963357460/.m2/repository"/>
    <property name="java.vendor.url.bug" value="http://bugreport.java.com/bugreport/"/>
    <property name="java.io.tmpdir" value="/tmp"/>
    <property name="java.version" value="11.0.2"/>
    <property name="user.dir" value="/home/02963357460/Desenvolvimento_SINTER/TRAB-SINTER/pocs/geotools_exemplo4/tutorial4"/>
    <property name="os.arch" value="amd64"/>
    <property name="java.vm.specification.name" value="Java Virtual Machine Specification"/>
    <property name="java.awt.printerjob" value="sun.print.PSPrinterJob"/>
    <property name="sun.os.patch.level" value="unknown"/>
    <property name="java.library.path" value="/usr/java/packages/lib:/usr/lib64:/lib64:/lib:/usr/lib"/>
    <property name="java.vendor" value="Oracle Corporation"/>
    <property name="java.vm.info" value="mixed mode"/>
    <property name="java.vm.version" value="11.0.2+9"/>
    <property name="sun.io.unicode.encoding" value="UnicodeLittle"/>
    <property name="java.class.version" value="55.0"/>
  </properties>
  <testcase name="shouldAnswerWithTrue" classname="org.geotools.AppTest" time="0.002"/>
</testsuite>